{"movie_rank": 1, "movie_url": "/movie/bi/mi/basic.naver?code=215791", "movie_title": "서울괴담", "movie_cllct": "20220423", "movie_genre": "horror"}
{"movie_rank": 2, "movie_url": "/movie/bi/mi/basic.naver?code=214552", "movie_title": "놉", "movie_cllct": "20220423", "movie_genre": "horror"}
{"movie_rank": 3, "movie_url": "/movie/bi/mi/basic.naver?code=137990", "movie_title": "이스케이프 런", "movie_cllct": "20220423", "movie_genre": "horror"}
{"movie_rank": 4, "movie_url": "/movie/bi/mi/basic.naver?code=141856", "movie_title": "데드 어게인", "movie_cllct": "20220423", "movie_genre": "horror"}
{"movie_rank": 5, "movie_url": "/movie/bi/mi/basic.naver?code=201335", "movie_title": "고스트랜드", "movie_cllct": "20220423", "movie_genre": "horror"}
{"movie_rank": 6, "movie_url": "/movie/bi/mi/basic.naver?code=213555", "movie_title": "잭 인 더 박스", "movie_cllct": "20220423", "movie_genre": "horror"}
{"movie_rank": 7, "movie_url": "/movie/bi/mi/basic.naver?code=200065", "movie_title": "올드", "movie_cllct": "20220423", "movie_genre": "horror"}
{"movie_rank": 8, "movie_url": "/movie/bi/mi/basic.naver?code=172003", "movie_title": "속닥속닥", "movie_cllct": "20220423", "movie_genre": "horror"}
{"movie_rank": 9, "movie_url": "/movie/bi/mi/basic.naver?code=38264", "movie_title": "검은 집", "movie_cllct": "20220423", "movie_genre": "horror"}
{"movie_rank": 10, "movie_url": "/movie/bi/mi/basic.naver?code=213560", "movie_title": "그날", "movie_cllct": "20220423", "movie_genre": "horror"}
{"movie_rank": 11, "movie_url": "/movie/bi/mi/basic.naver?code=181145", "movie_title": "그것은 물 밑에서 온다", "movie_cllct": "20220423", "movie_genre": "horror"}
{"movie_rank": 12, "movie_url": "/movie/bi/mi/basic.naver?code=210296", "movie_title": "웜우드 : 좀비 아포칼립스", "movie_cllct": "20220423", "movie_genre": "horror"}
{"movie_rank": 13, "movie_url": "/movie/bi/mi/basic.naver?code=126389", "movie_title": "무서운 집", "movie_cllct": "20220423", "movie_genre": "horror"}
{"movie_rank": 14, "movie_url": "/movie/bi/mi/basic.naver?code=205625", "movie_title": "램", "movie_cllct": "20220423", "movie_genre": "horror"}
{"movie_rank": 15, "movie_url": "/movie/bi/mi/basic.naver?code=193971", "movie_title": "더 퍼지: 포에버", "movie_cllct": "20220423", "movie_genre": "horror"}
{"movie_rank": 16, "movie_url": "/movie/bi/mi/basic.naver?code=69787", "movie_title": "메디엄", "movie_cllct": "20220423", "movie_genre": "horror"}
{"movie_rank": 17, "movie_url": "/movie/bi/mi/basic.naver?code=210284", "movie_title": "네 집에 누군가 있다", "movie_cllct": "20220423", "movie_genre": "horror"}
{"movie_rank": 18, "movie_url": "/movie/bi/mi/basic.naver?code=188786", "movie_title": "컬러 아웃 오브 스페이스", "movie_cllct": "20220423", "movie_genre": "horror"}
{"movie_rank": 19, "movie_url": "/movie/bi/mi/basic.naver?code=202932", "movie_title": "슬랩페이스", "movie_cllct": "20220423", "movie_genre": "horror"}
{"movie_rank": 20, "movie_url": "/movie/bi/mi/basic.naver?code=65963", "movie_title": "기담", "movie_cllct": "20220423", "movie_genre": "horror"}
{"movie_rank": 21, "movie_url": "/movie/bi/mi/basic.naver?code=191569", "movie_title": "라스트 나잇 인 소호", "movie_cllct": "20220423", "movie_genre": "horror"}
{"movie_rank": 22, "movie_url": "/movie/bi/mi/basic.naver?code=210265", "movie_title": "스크림", "movie_cllct": "20220423", "movie_genre": "horror"}
{"movie_rank": 23, "movie_url": "/movie/bi/mi/basic.naver?code=97663", "movie_title": "걸즈 곤 데드", "movie_cllct": "20220423", "movie_genre": "horror"}
{"movie_rank": 24, "movie_url": "/movie/bi/mi/basic.naver?code=144927", "movie_title": "23 아이덴티티", "movie_cllct": "20220423", "movie_genre": "horror"}
{"movie_rank": 25, "movie_url": "/movie/bi/mi/basic.naver?code=52745", "movie_title": "4교시 추리영역", "movie_cllct": "20220423", "movie_genre": "horror"}
{"movie_rank": 26, "movie_url": "/movie/bi/mi/basic.naver?code=182014", "movie_title": "미드소마", "movie_cllct": "20220423", "movie_genre": "horror"}
{"movie_rank": 27, "movie_url": "/movie/bi/mi/basic.naver?code=216343", "movie_title": "추즈 오어 다이", "movie_cllct": "20220423", "movie_genre": "horror"}
{"movie_rank": 28, "movie_url": "/movie/bi/mi/basic.naver?code=152647", "movie_title": "플랫라이너", "movie_cllct": "20220423", "movie_genre": "horror"}
