{"movie_rank": 1, "movie_url": "/movie/bi/mi/basic.naver?code=164122", "movie_title": "신비한 동물들과 덤블도어의 비밀", "movie_cllct": "20220423", "movie_genre": "fantasy"}
{"movie_rank": 2, "movie_url": "/movie/bi/mi/basic.naver?code=182016", "movie_title": "닥터 스트레인지: 대혼돈의 멀티버스", "movie_cllct": "20220423", "movie_genre": "fantasy"}
{"movie_rank": 3, "movie_url": "/movie/bi/mi/basic.naver?code=212095", "movie_title": "수퍼 소닉2", "movie_cllct": "20220423", "movie_genre": "fantasy"}
{"movie_rank": 4, "movie_url": "/movie/bi/mi/basic.naver?code=187347", "movie_title": "토르: 러브 앤 썬더", "movie_cllct": "20220423", "movie_genre": "fantasy"}
{"movie_rank": 5, "movie_url": "/movie/bi/mi/basic.naver?code=154255", "movie_title": "신비한 동물들과 그린델왈드의 범죄", "movie_cllct": "20220423", "movie_genre": "fantasy"}
{"movie_rank": 6, "movie_url": "/movie/bi/mi/basic.naver?code=207444", "movie_title": "고스팅 글로리아", "movie_cllct": "20220423", "movie_genre": "fantasy"}
{"movie_rank": 7, "movie_url": "/movie/bi/mi/basic.naver?code=115642", "movie_title": "신비한 동물사전", "movie_cllct": "20220423", "movie_genre": "fantasy"}
{"movie_rank": 8, "movie_url": "/movie/bi/mi/basic.naver?code=213580", "movie_title": "3.5교시", "movie_cllct": "20220423", "movie_genre": "fantasy"}
{"movie_rank": 9, "movie_url": "/movie/bi/mi/basic.naver?code=213609", "movie_title": "몬스터 아카데미", "movie_cllct": "20220423", "movie_genre": "fantasy"}
{"movie_rank": 10, "movie_url": "/movie/bi/mi/basic.naver?code=201719", "movie_title": "약속의 네버랜드", "movie_cllct": "20220423", "movie_genre": "fantasy"}
{"movie_rank": 11, "movie_url": "/movie/bi/mi/basic.naver?code=123280", "movie_title": "더 문 앤 더 선", "movie_cllct": "20220423", "movie_genre": "fantasy"}
{"movie_rank": 12, "movie_url": "/movie/bi/mi/basic.naver?code=30688", "movie_title": "해리 포터와 마법사의 돌", "movie_cllct": "20220423", "movie_genre": "fantasy"}
{"movie_rank": 13, "movie_url": "/movie/bi/mi/basic.naver?code=203288", "movie_title": "잭 스나이더의 저스티스 리그", "movie_cllct": "20220423", "movie_genre": "fantasy"}
{"movie_rank": 14, "movie_url": "/movie/bi/mi/basic.naver?code=74977", "movie_title": "아바타 2", "movie_cllct": "20220423", "movie_genre": "fantasy"}
{"movie_rank": 15, "movie_url": "/movie/bi/mi/basic.naver?code=172192", "movie_title": "카사네 : 빼앗는 얼굴", "movie_cllct": "20220423", "movie_genre": "fantasy"}
{"movie_rank": 16, "movie_url": "/movie/bi/mi/basic.naver?code=39841", "movie_title": "괴물", "movie_cllct": "20220423", "movie_genre": "fantasy"}
{"movie_rank": 17, "movie_url": "/movie/bi/mi/basic.naver?code=28507", "movie_title": "공작왕 2 - 아수라", "movie_cllct": "20220423", "movie_genre": "fantasy"}
{"movie_rank": 18, "movie_url": "/movie/bi/mi/basic.naver?code=196843", "movie_title": "극장판 바이올렛 에버가든", "movie_cllct": "20220423", "movie_genre": "fantasy"}
{"movie_rank": 19, "movie_url": "/movie/bi/mi/basic.naver?code=67901", "movie_title": "해리 포터와 죽음의 성물 - 1부", "movie_cllct": "20220423", "movie_genre": "fantasy"}
{"movie_rank": 20, "movie_url": "/movie/bi/mi/basic.naver?code=47528", "movie_title": "해리 포터와 죽음의 성물 - 2부", "movie_cllct": "20220423", "movie_genre": "fantasy"}
{"movie_rank": 21, "movie_url": "/movie/bi/mi/basic.naver?code=192151", "movie_title": "외계+인", "movie_cllct": "20220423", "movie_genre": "fantasy"}
{"movie_rank": 22, "movie_url": "/movie/bi/mi/basic.naver?code=158626", "movie_title": "셰이프 오브 워터: 사랑의 모양", "movie_cllct": "20220423", "movie_genre": "fantasy"}
{"movie_rank": 23, "movie_url": "/movie/bi/mi/basic.naver?code=68086", "movie_title": "시간 여행자의 아내", "movie_cllct": "20220423", "movie_genre": "fantasy"}
{"movie_rank": 24, "movie_url": "/movie/bi/mi/basic.naver?code=214601", "movie_title": "말할 수 없는 비밀", "movie_cllct": "20220423", "movie_genre": "fantasy"}
{"movie_rank": 25, "movie_url": "/movie/bi/mi/basic.naver?code=136873", "movie_title": "겨울왕국 2", "movie_cllct": "20220423", "movie_genre": "fantasy"}
{"movie_rank": 26, "movie_url": "/movie/bi/mi/basic.naver?code=31794", "movie_title": "반지의 제왕: 반지 원정대", "movie_cllct": "20220423", "movie_genre": "fantasy"}
{"movie_rank": 27, "movie_url": "/movie/bi/mi/basic.naver?code=134898", "movie_title": "토르: 라그나로크", "movie_cllct": "20220423", "movie_genre": "fantasy"}
{"movie_rank": 28, "movie_url": "/movie/bi/mi/basic.naver?code=10931", "movie_title": "공작왕", "movie_cllct": "20220423", "movie_genre": "fantasy"}
{"movie_rank": 29, "movie_url": "/movie/bi/mi/basic.naver?code=165452", "movie_title": "숲속의 부부", "movie_cllct": "20220423", "movie_genre": "fantasy"}
{"movie_rank": 30, "movie_url": "/movie/bi/mi/basic.naver?code=186241", "movie_title": "나만 없어 고양이", "movie_cllct": "20220423", "movie_genre": "fantasy"}
{"movie_rank": 31, "movie_url": "/movie/bi/mi/basic.naver?code=163788", "movie_title": "알라딘", "movie_cllct": "20220423", "movie_genre": "fantasy"}
{"movie_rank": 32, "movie_url": "/movie/bi/mi/basic.naver?code=213747", "movie_title": "토르: 마법 검의 전설", "movie_cllct": "20220423", "movie_genre": "fantasy"}
{"movie_rank": 33, "movie_url": "/movie/bi/mi/basic.naver?code=125459", "movie_title": "닥터 스트레인지", "movie_cllct": "20220423", "movie_genre": "fantasy"}
{"movie_rank": 34, "movie_url": "/movie/bi/mi/basic.naver?code=184311", "movie_title": "이터널스", "movie_cllct": "20220423", "movie_genre": "fantasy"}
{"movie_rank": 35, "movie_url": "/movie/bi/mi/basic.naver?code=187348", "movie_title": "샹치와 텐 링즈의 전설", "movie_cllct": "20220423", "movie_genre": "fantasy"}
{"movie_rank": 36, "movie_url": "/movie/bi/mi/basic.naver?code=167569", "movie_title": "더 수어사이드 스쿼드", "movie_cllct": "20220423", "movie_genre": "fantasy"}
{"movie_rank": 37, "movie_url": "/movie/bi/mi/basic.naver?code=18543", "movie_title": "서유기 2 - 선리기연", "movie_cllct": "20220423", "movie_genre": "fantasy"}
{"movie_rank": 38, "movie_url": "/movie/bi/mi/basic.naver?code=204768", "movie_title": "그린 나이트", "movie_cllct": "20220423", "movie_genre": "fantasy"}
{"movie_rank": 39, "movie_url": "/movie/bi/mi/basic.naver?code=101966", "movie_title": "토이 스토리 4", "movie_cllct": "20220423", "movie_genre": "fantasy"}
{"movie_rank": 40, "movie_url": "/movie/bi/mi/basic.naver?code=85579", "movie_title": "신과함께-죄와 벌", "movie_cllct": "20220423", "movie_genre": "fantasy"}
