{"movie_rank": 1, "movie_url": "/movie/bi/mi/basic.naver?code=183862", "movie_title": "뜨거운 피", "movie_cllct": "20220424", "movie_genre": "drama"}
{"movie_rank": 2, "movie_url": "/movie/bi/mi/basic.naver?code=190695", "movie_title": "모비우스", "movie_cllct": "20220424", "movie_genre": "drama"}
{"movie_rank": 3, "movie_url": "/movie/bi/mi/basic.naver?code=154282", "movie_title": "더 배트맨", "movie_cllct": "20220424", "movie_genre": "drama"}
{"movie_rank": 4, "movie_url": "/movie/bi/mi/basic.naver?code=196362", "movie_title": "공기살인", "movie_cllct": "20220424", "movie_genre": "drama"}
{"movie_rank": 5, "movie_url": "/movie/bi/mi/basic.naver?code=189137", "movie_title": "스텔라", "movie_cllct": "20220424", "movie_genre": "drama"}
{"movie_rank": 6, "movie_url": "/movie/bi/mi/basic.naver?code=190991", "movie_title": "이상한 나라의 수학자", "movie_cllct": "20220424", "movie_genre": "drama"}
{"movie_rank": 7, "movie_url": "/movie/bi/mi/basic.naver?code=159812", "movie_title": "니 부모 얼굴이 보고 싶다", "movie_cllct": "20220424", "movie_genre": "drama"}
{"movie_rank": 8, "movie_url": "/movie/bi/mi/basic.naver?code=201938", "movie_title": "그리스도 디 오리진", "movie_cllct": "20220424", "movie_genre": "drama"}
{"movie_rank": 9, "movie_url": "/movie/bi/mi/basic.naver?code=194196", "movie_title": "한산: 용의 출현", "movie_cllct": "20220424", "movie_genre": "drama"}
{"movie_rank": 10, "movie_url": "/movie/bi/mi/basic.naver?code=196854", "movie_title": "브로커", "movie_cllct": "20220424", "movie_genre": "drama"}
{"movie_rank": 11, "movie_url": "/movie/bi/mi/basic.naver?code=201766", "movie_title": "말임씨를 부탁해", "movie_cllct": "20220424", "movie_genre": "drama"}
{"movie_rank": 12, "movie_url": "/movie/bi/mi/basic.naver?code=204650", "movie_title": "봄날", "movie_cllct": "20220424", "movie_genre": "drama"}
{"movie_rank": 13, "movie_url": "/movie/bi/mi/basic.naver?code=212159", "movie_title": "소설가의 영화", "movie_cllct": "20220424", "movie_genre": "drama"}
{"movie_rank": 14, "movie_url": "/movie/bi/mi/basic.naver?code=198501", "movie_title": "쓰리: 아직 끝나지 않았다", "movie_cllct": "20220424", "movie_genre": "drama"}
{"movie_rank": 15, "movie_url": "/movie/bi/mi/basic.naver?code=193961", "movie_title": "루이스 웨인: 사랑을 그린 고양이 화가", "movie_cllct": "20220424", "movie_genre": "drama"}
{"movie_rank": 16, "movie_url": "/movie/bi/mi/basic.naver?code=204138", "movie_title": "복지식당", "movie_cllct": "20220424", "movie_genre": "drama"}
{"movie_rank": 17, "movie_url": "/movie/bi/mi/basic.naver?code=213903", "movie_title": "문폴", "movie_cllct": "20220424", "movie_genre": "drama"}
{"movie_rank": 18, "movie_url": "/movie/bi/mi/basic.naver?code=17059", "movie_title": "중경삼림", "movie_cllct": "20220424", "movie_genre": "drama"}
{"movie_rank": 19, "movie_url": "/movie/bi/mi/basic.naver?code=201701", "movie_title": "불도저에 탄 소녀", "movie_cllct": "20220424", "movie_genre": "drama"}
{"movie_rank": 20, "movie_url": "/movie/bi/mi/basic.naver?code=198413", "movie_title": "헤어질 결심", "movie_cllct": "20220424", "movie_genre": "drama"}
{"movie_rank": 21, "movie_url": "/movie/bi/mi/basic.naver?code=213628", "movie_title": "내가 처음으로 사랑한 소녀", "movie_cllct": "20220424", "movie_genre": "drama"}
{"movie_rank": 22, "movie_url": "/movie/bi/mi/basic.naver?code=198624", "movie_title": "태어나길 잘했어", "movie_cllct": "20220424", "movie_genre": "drama"}
{"movie_rank": 23, "movie_url": "/movie/bi/mi/basic.naver?code=194908", "movie_title": "헝거", "movie_cllct": "20220424", "movie_genre": "drama"}
{"movie_rank": 24, "movie_url": "/movie/bi/mi/basic.naver?code=192143", "movie_title": "나이트메어 앨리", "movie_cllct": "20220424", "movie_genre": "drama"}
{"movie_rank": 25, "movie_url": "/movie/bi/mi/basic.naver?code=209096", "movie_title": "팔마", "movie_cllct": "20220424", "movie_genre": "drama"}
{"movie_rank": 26, "movie_url": "/movie/bi/mi/basic.naver?code=197668", "movie_title": "인민을 위해 복무하라", "movie_cllct": "20220424", "movie_genre": "drama"}
{"movie_rank": 27, "movie_url": "/movie/bi/mi/basic.naver?code=191547", "movie_title": "나일 강의 죽음", "movie_cllct": "20220424", "movie_genre": "drama"}
{"movie_rank": 28, "movie_url": "/movie/bi/mi/basic.naver?code=199164", "movie_title": "행복을 전하는 편지", "movie_cllct": "20220424", "movie_genre": "drama"}
{"movie_rank": 29, "movie_url": "/movie/bi/mi/basic.naver?code=207921", "movie_title": "스펜서", "movie_cllct": "20220424", "movie_genre": "drama"}
{"movie_rank": 30, "movie_url": "/movie/bi/mi/basic.naver?code=201073", "movie_title": "코다", "movie_cllct": "20220424", "movie_genre": "drama"}
{"movie_rank": 31, "movie_url": "/movie/bi/mi/basic.naver?code=199860", "movie_title": "기적", "movie_cllct": "20220424", "movie_genre": "drama"}
{"movie_rank": 32, "movie_url": "/movie/bi/mi/basic.naver?code=161967", "movie_title": "기생충", "movie_cllct": "20220424", "movie_genre": "drama"}
{"movie_rank": 33, "movie_url": "/movie/bi/mi/basic.naver?code=206217", "movie_title": "평평남녀", "movie_cllct": "20220424", "movie_genre": "drama"}
{"movie_rank": 34, "movie_url": "/movie/bi/mi/basic.naver?code=205623", "movie_title": "드라이브 마이 카", "movie_cllct": "20220424", "movie_genre": "drama"}
{"movie_rank": 35, "movie_url": "/movie/bi/mi/basic.naver?code=202675", "movie_title": "우연과 상상", "movie_cllct": "20220424", "movie_genre": "drama"}
{"movie_rank": 36, "movie_url": "/movie/bi/mi/basic.naver?code=199233", "movie_title": "청킹맨션", "movie_cllct": "20220424", "movie_genre": "drama"}
{"movie_rank": 37, "movie_url": "/movie/bi/mi/basic.naver?code=171539", "movie_title": "그린 북", "movie_cllct": "20220424", "movie_genre": "drama"}
{"movie_rank": 38, "movie_url": "/movie/bi/mi/basic.naver?code=147368", "movie_title": "등산의 목적", "movie_cllct": "20220424", "movie_genre": "drama"}
{"movie_rank": 39, "movie_url": "/movie/bi/mi/basic.naver?code=137990", "movie_title": "이스케이프 런", "movie_cllct": "20220424", "movie_genre": "drama"}
{"movie_rank": 40, "movie_url": "/movie/bi/mi/basic.naver?code=207941", "movie_title": "벨파스트", "movie_cllct": "20220424", "movie_genre": "drama"}
{"movie_rank": 41, "movie_url": "/movie/bi/mi/basic.naver?code=14448", "movie_title": "패왕별희 디 오리지널", "movie_cllct": "20220424", "movie_genre": "drama"}
{"movie_rank": 42, "movie_url": "/movie/bi/mi/basic.naver?code=193790", "movie_title": "킹 리차드", "movie_cllct": "20220424", "movie_genre": "drama"}
{"movie_rank": 43, "movie_url": "/movie/bi/mi/basic.naver?code=37886", "movie_title": "클레멘타인", "movie_cllct": "20220424", "movie_genre": "drama"}
{"movie_rank": 44, "movie_url": "/movie/bi/mi/basic.naver?code=177366", "movie_title": "킹메이커", "movie_cllct": "20220424", "movie_genre": "drama"}
{"movie_rank": 45, "movie_url": "/movie/bi/mi/basic.naver?code=196488", "movie_title": "사랑 후의 두 여자", "movie_cllct": "20220424", "movie_genre": "drama"}
{"movie_rank": 46, "movie_url": "/movie/bi/mi/basic.naver?code=192150", "movie_title": "모가디슈", "movie_cllct": "20220424", "movie_genre": "drama"}
{"movie_rank": 47, "movie_url": "/movie/bi/mi/basic.naver?code=149504", "movie_title": "1급기밀", "movie_cllct": "20220424", "movie_genre": "drama"}
{"movie_rank": 48, "movie_url": "/movie/bi/mi/basic.naver?code=213576", "movie_title": "역할들", "movie_cllct": "20220424", "movie_genre": "drama"}
{"movie_rank": 49, "movie_url": "/movie/bi/mi/basic.naver?code=174830", "movie_title": "가버나움", "movie_cllct": "20220424", "movie_genre": "drama"}
{"movie_rank": 50, "movie_url": "/movie/bi/mi/basic.naver?code=90427", "movie_title": "산다", "movie_cllct": "20220424", "movie_genre": "drama"}
