{"movie_rank": 1, "movie_url": "/movie/bi/mi/basic.naver?code=212098", "movie_title": "로스트 시티", "movie_cllct": "20220423", "movie_genre": "mellow"}
{"movie_rank": 2, "movie_url": "/movie/bi/mi/basic.naver?code=193961", "movie_title": "루이스 웨인: 사랑을 그린 고양이 화가", "movie_cllct": "20220423", "movie_genre": "mellow"}
{"movie_rank": 3, "movie_url": "/movie/bi/mi/basic.naver?code=154485", "movie_title": "4월은 너의 거짓말", "movie_cllct": "20220423", "movie_genre": "mellow"}
{"movie_rank": 4, "movie_url": "/movie/bi/mi/basic.naver?code=207444", "movie_title": "고스팅 글로리아", "movie_cllct": "20220423", "movie_genre": "mellow"}
{"movie_rank": 5, "movie_url": "/movie/bi/mi/basic.naver?code=198413", "movie_title": "헤어질 결심", "movie_cllct": "20220423", "movie_genre": "mellow"}
{"movie_rank": 6, "movie_url": "/movie/bi/mi/basic.naver?code=213580", "movie_title": "3.5교시", "movie_cllct": "20220423", "movie_genre": "mellow"}
{"movie_rank": 7, "movie_url": "/movie/bi/mi/basic.naver?code=197668", "movie_title": "인민을 위해 복무하라", "movie_cllct": "20220423", "movie_genre": "mellow"}
{"movie_rank": 8, "movie_url": "/movie/bi/mi/basic.naver?code=213628", "movie_title": "내가 처음으로 사랑한 소녀", "movie_cllct": "20220423", "movie_genre": "mellow"}
{"movie_rank": 9, "movie_url": "/movie/bi/mi/basic.naver?code=206217", "movie_title": "평평남녀", "movie_cllct": "20220423", "movie_genre": "mellow"}
{"movie_rank": 10, "movie_url": "/movie/bi/mi/basic.naver?code=202675", "movie_title": "우연과 상상", "movie_cllct": "20220423", "movie_genre": "mellow"}
{"movie_rank": 11, "movie_url": "/movie/bi/mi/basic.naver?code=147368", "movie_title": "등산의 목적", "movie_cllct": "20220423", "movie_genre": "mellow"}
{"movie_rank": 12, "movie_url": "/movie/bi/mi/basic.naver?code=213570", "movie_title": "웨이트: 감각에 눈뜰 때", "movie_cllct": "20220423", "movie_genre": "mellow"}
{"movie_rank": 13, "movie_url": "/movie/bi/mi/basic.naver?code=196809", "movie_title": "연애 빠진 로맨스", "movie_cllct": "20220423", "movie_genre": "mellow"}
{"movie_rank": 14, "movie_url": "/movie/bi/mi/basic.naver?code=123280", "movie_title": "더 문 앤 더 선", "movie_cllct": "20220423", "movie_genre": "mellow"}
{"movie_rank": 15, "movie_url": "/movie/bi/mi/basic.naver?code=207366", "movie_title": "패러렐 마더스", "movie_cllct": "20220423", "movie_genre": "mellow"}
{"movie_rank": 16, "movie_url": "/movie/bi/mi/basic.naver?code=171460", "movie_title": "천국에서 무덤까지", "movie_cllct": "20220423", "movie_genre": "mellow"}
{"movie_rank": 17, "movie_url": "/movie/bi/mi/basic.naver?code=194968", "movie_title": "로망스 돌", "movie_cllct": "20220423", "movie_genre": "mellow"}
{"movie_rank": 18, "movie_url": "/movie/bi/mi/basic.naver?code=212656", "movie_title": "리코리쉬 피자", "movie_cllct": "20220423", "movie_genre": "mellow"}
{"movie_rank": 19, "movie_url": "/movie/bi/mi/basic.naver?code=188995", "movie_title": "우리가 사랑이라고 믿는 것", "movie_cllct": "20220423", "movie_genre": "mellow"}
{"movie_rank": 20, "movie_url": "/movie/bi/mi/basic.naver?code=210695", "movie_title": "달빛 그림자", "movie_cllct": "20220423", "movie_genre": "mellow"}
{"movie_rank": 21, "movie_url": "/movie/bi/mi/basic.naver?code=206647", "movie_title": "파리, 13구", "movie_cllct": "20220423", "movie_genre": "mellow"}
{"movie_rank": 22, "movie_url": "/movie/bi/mi/basic.naver?code=62249", "movie_title": "데자뷰", "movie_cllct": "20220423", "movie_genre": "mellow"}
{"movie_rank": 23, "movie_url": "/movie/bi/mi/basic.naver?code=92075", "movie_title": "어바웃 타임", "movie_cllct": "20220423", "movie_genre": "mellow"}
{"movie_rank": 24, "movie_url": "/movie/bi/mi/basic.naver?code=18847", "movie_title": "타이타닉", "movie_cllct": "20220423", "movie_genre": "mellow"}
{"movie_rank": 25, "movie_url": "/movie/bi/mi/basic.naver?code=193857", "movie_title": "파워 오브 도그", "movie_cllct": "20220423", "movie_genre": "mellow"}
{"movie_rank": 26, "movie_url": "/movie/bi/mi/basic.naver?code=91042", "movie_title": "설해", "movie_cllct": "20220423", "movie_genre": "mellow"}
{"movie_rank": 27, "movie_url": "/movie/bi/mi/basic.naver?code=150198", "movie_title": "너의 이름은.", "movie_cllct": "20220423", "movie_genre": "mellow"}
{"movie_rank": 28, "movie_url": "/movie/bi/mi/basic.naver?code=87584", "movie_title": "새벽 거리에서", "movie_cllct": "20220423", "movie_genre": "mellow"}
{"movie_rank": 29, "movie_url": "/movie/bi/mi/basic.naver?code=28876", "movie_title": "화양연화", "movie_cllct": "20220423", "movie_genre": "mellow"}
{"movie_rank": 30, "movie_url": "/movie/bi/mi/basic.naver?code=146544", "movie_title": "어느날", "movie_cllct": "20220423", "movie_genre": "mellow"}
{"movie_rank": 31, "movie_url": "/movie/bi/mi/basic.naver?code=75718", "movie_title": "립이어 - 자학의 성", "movie_cllct": "20220423", "movie_genre": "mellow"}
{"movie_rank": 32, "movie_url": "/movie/bi/mi/basic.naver?code=214574", "movie_title": "리디밍 러브", "movie_cllct": "20220423", "movie_genre": "mellow"}
{"movie_rank": 33, "movie_url": "/movie/bi/mi/basic.naver?code=76309", "movie_title": "플립", "movie_cllct": "20220423", "movie_genre": "mellow"}
{"movie_rank": 34, "movie_url": "/movie/bi/mi/basic.naver?code=196586", "movie_title": "아망떼", "movie_cllct": "20220423", "movie_genre": "mellow"}
{"movie_rank": 35, "movie_url": "/movie/bi/mi/basic.naver?code=35939", "movie_title": "클래식", "movie_cllct": "20220423", "movie_genre": "mellow"}
{"movie_rank": 36, "movie_url": "/movie/bi/mi/basic.naver?code=39368", "movie_title": "나쁜 교육", "movie_cllct": "20220423", "movie_genre": "mellow"}
{"movie_rank": 37, "movie_url": "/movie/bi/mi/basic.naver?code=29804", "movie_title": "트로로사", "movie_cllct": "20220423", "movie_genre": "mellow"}
{"movie_rank": 38, "movie_url": "/movie/bi/mi/basic.naver?code=214693", "movie_title": "유어 러브 송", "movie_cllct": "20220423", "movie_genre": "mellow"}
{"movie_rank": 39, "movie_url": "/movie/bi/mi/basic.naver?code=209593", "movie_title": "결혼 후에 남겨진 것들", "movie_cllct": "20220423", "movie_genre": "mellow"}
{"movie_rank": 40, "movie_url": "/movie/bi/mi/basic.naver?code=36352", "movie_title": "봄날의 곰을 좋아하세요?", "movie_cllct": "20220423", "movie_genre": "mellow"}
{"movie_rank": 41, "movie_url": "/movie/bi/mi/basic.naver?code=52792", "movie_title": "브로큰 임브레이스", "movie_cllct": "20220423", "movie_genre": "mellow"}
{"movie_rank": 42, "movie_url": "/movie/bi/mi/basic.naver?code=69023", "movie_title": "멋진 하루", "movie_cllct": "20220423", "movie_genre": "mellow"}
{"movie_rank": 43, "movie_url": "/movie/bi/mi/basic.naver?code=16411", "movie_title": "녹색 광선", "movie_cllct": "20220423", "movie_genre": "mellow"}
{"movie_rank": 44, "movie_url": "/movie/bi/mi/basic.naver?code=206520", "movie_title": "너도 평범하지 않아", "movie_cllct": "20220423", "movie_genre": "mellow"}
{"movie_rank": 45, "movie_url": "/movie/bi/mi/basic.naver?code=143456", "movie_title": "브리짓 존스의 베이비", "movie_cllct": "20220423", "movie_genre": "mellow"}
{"movie_rank": 46, "movie_url": "/movie/bi/mi/basic.naver?code=158626", "movie_title": "셰이프 오브 워터: 사랑의 모양", "movie_cllct": "20220423", "movie_genre": "mellow"}
{"movie_rank": 47, "movie_url": "/movie/bi/mi/basic.naver?code=68086", "movie_title": "시간 여행자의 아내", "movie_cllct": "20220423", "movie_genre": "mellow"}
{"movie_rank": 48, "movie_url": "/movie/bi/mi/basic.naver?code=214601", "movie_title": "말할 수 없는 비밀", "movie_cllct": "20220423", "movie_genre": "mellow"}
{"movie_rank": 49, "movie_url": "/movie/bi/mi/basic.naver?code=168298", "movie_title": "지금 만나러 갑니다", "movie_cllct": "20220423", "movie_genre": "mellow"}
{"movie_rank": 50, "movie_url": "/movie/bi/mi/basic.naver?code=175092", "movie_title": "먼 훗날 우리", "movie_cllct": "20220423", "movie_genre": "mellow"}
